<?xml version="1.0" encoding="UTF-8"?>
<coverage generated="1610820651185" clover="3.2.0">
  <project timestamp="1610820651186" name="All files">
    <metrics statements="9" coveredstatements="9" conditionals="8" coveredconditionals="8" methods="4" coveredmethods="4" elements="21" coveredelements="21" complexity="0" loc="9" ncloc="9" packages="1" files="1" classes="1"/>
    <file name="validator.js" path="/Users/wesleyvandrimmelen/Wesley/sb-test/src/utils/validator.js">
      <metrics statements="9" coveredstatements="9" conditionals="8" coveredconditionals="8" methods="4" coveredmethods="4"/>
      <line num="9" count="6" type="cond" truecount="4" falsecount="0"/>
      <line num="11" count="4" type="stmt"/>
      <line num="12" count="4" type="stmt"/>
      <line num="15" count="4" type="cond" truecount="2" falsecount="0"/>
      <line num="17" count="1" type="stmt"/>
      <line num="19" count="1" type="stmt"/>
      <line num="23" count="3" type="stmt"/>
      <line num="24" count="10" type="stmt"/>
      <line num="34" count="15" type="stmt"/>
    </file>
  </project>
</coverage>
