{"/Users/wesleyvandrimmelen/Wesley/sb-test/src/utils/validator.js": {"path":"/Users/wesleyvandrimmelen/Wesley/sb-test/src/utils/validator.js","statementMap":{"0":{"start":{"line":9,"column":4},"end":{"line":9,"column":39}},"1":{"start":{"line":9,"column":26},"end":{"line":9,"column":39}},"2":{"start":{"line":11,"column":24},"end":{"line":11,"column":58}},"3":{"start":{"line":12,"column":22},"end":{"line":12,"column":54}},"4":{"start":{"line":15,"column":4},"end":{"line":20,"column":5}},"5":{"start":{"line":17,"column":31},"end":{"line":17,"column":58}},"6":{"start":{"line":19,"column":6},"end":{"line":19,"column":19}},"7":{"start":{"line":23,"column":4},"end":{"line":25,"column":6}},"8":{"start":{"line":24,"column":17},"end":{"line":24,"column":62}},"9":{"start":{"line":34,"column":4},"end":{"line":34,"column":74}}},"fnMap":{"0":{"name":"(anonymous_0)","decl":{"start":{"line":8,"column":2},"end":{"line":8,"column":3}},"loc":{"start":{"line":8,"column":41},"end":{"line":26,"column":3}},"line":8},"1":{"name":"(anonymous_1)","decl":{"start":{"line":17,"column":25},"end":{"line":17,"column":26}},"loc":{"start":{"line":17,"column":31},"end":{"line":17,"column":58}},"line":17},"2":{"name":"(anonymous_2)","decl":{"start":{"line":24,"column":6},"end":{"line":24,"column":7}},"loc":{"start":{"line":24,"column":17},"end":{"line":24,"column":62}},"line":24},"3":{"name":"(anonymous_3)","decl":{"start":{"line":33,"column":2},"end":{"line":33,"column":3}},"loc":{"start":{"line":33,"column":17},"end":{"line":35,"column":3}},"line":33}},"branchMap":{"0":{"loc":{"start":{"line":9,"column":4},"end":{"line":9,"column":39}},"type":"if","locations":[{"start":{"line":9,"column":4},"end":{"line":9,"column":39}},{"start":{"line":9,"column":4},"end":{"line":9,"column":39}}],"line":9},"1":{"loc":{"start":{"line":9,"column":8},"end":{"line":9,"column":24}},"type":"binary-expr","locations":[{"start":{"line":9,"column":8},"end":{"line":9,"column":15}},{"start":{"line":9,"column":19},"end":{"line":9,"column":24}}],"line":9},"2":{"loc":{"start":{"line":15,"column":4},"end":{"line":20,"column":5}},"type":"if","locations":[{"start":{"line":15,"column":4},"end":{"line":20,"column":5}},{"start":{"line":15,"column":4},"end":{"line":20,"column":5}}],"line":15},"3":{"loc":{"start":{"line":16,"column":6},"end":{"line":17,"column":59}},"type":"binary-expr","locations":[{"start":{"line":16,"column":6},"end":{"line":16,"column":45}},{"start":{"line":17,"column":6},"end":{"line":17,"column":59}}],"line":16}},"s":{"0":6,"1":2,"2":4,"3":4,"4":4,"5":1,"6":1,"7":3,"8":10,"9":15},"f":{"0":6,"1":1,"2":10,"3":15},"b":{"0":[2,4],"1":[6,5],"2":[1,3],"3":[4,1]},"_coverageSchema":"1a1c01bbd47fc00a2c39e90264f33305004495a9","hash":"cf64d8125b560e75bf1c2e70208a1cd67d086d94"}
}
